iMPACT Version: 13.4

iMPACT log file Started on Wed Dec  4 09:20:22 2013

Welcome to iMPACT
iMPACT Version: 13.4
// *** BATCH CMD : setMode -bs
GUI --- Auto connect to cable...
// *** BATCH CMD : setCable -port auto
AutoDetecting cable. Please wait.
PROGRESS_START - Starting Operation.
Connecting to cable (Usb Port - USB21).
Checking cable driver.
File version of /opt/Xilinx/13.4/ISE_DS/ISE/bin/lin64/xusbdfwu.hex = 1030.
File version of /usr/share/xusbdfwu.hex = 1030.
 Using libusb.
 Kernel release = 2.6.35.14-106.fc14.x86_64.
 Max current requested during enumeration is 280 mA.
Type = 0x0605.
 Cable Type = 3, Revision = 0.
 Setting cable speed to 6 MHz.
Cable connection established.
Firmware version = 1030.
File version of /opt/Xilinx/13.4/ISE_DS/ISE/data/xusbdfwu.hex = 1100.
Firmware hex file version = 1100.
Downloading /opt/Xilinx/13.4/ISE_DS/ISE/data/xusbdfwu.hex.
Downloaded firmware version = 1100.
PLD file version = 0012h.
 PLD version = 0012h.
PROGRESS_END - End Operation.
Elapsed time =      0 sec.
Type = 0x0605.
ESN not available for this cable.
Attempting to identify devices in the boundary-scan chain configuration...
INFO:iMPACT - Current time: 12/4/13 9:21 AM
// *** BATCH CMD : Identify -inferir 
PROGRESS_START - Starting Operation.
Identifying chain contents...'0': : Manufacturer's ID = Xilinx xc2c256, Version : 1
INFO:iMPACT:1777 - 
   Reading /opt/Xilinx/13.4/ISE_DS/ISE/xbr/data/xc2c256.bsd...
INFO:iMPACT:501 - '1': Added Device xc2c256 successfully.
----------------------------------------------------------------------
'1': : Manufacturer's ID = Xilinx xc5vtx240t, Version : 0
INFO:iMPACT:1777 - 
   Reading /opt/Xilinx/13.4/ISE_DS/ISE/virtex5/data/xc5vtx240t.bsd...
INFO:iMPACT:501 - '1': Added Device xc5vtx240t successfully.
----------------------------------------------------------------------
done.
PROGRESS_END - End Operation.
Elapsed time =      1 sec.
// *** BATCH CMD : identifyMPM 
// *** BATCH CMD : assignFile -p 1 -file"/root/hai/NetFPGA-10G-live-master/projects/dma/sw/embedded/result/download.bit"
'1': Loading file'/root/hai/NetFPGA-10G-live-master/projects/dma/sw/embedded/result/download.bit'...
done.
INFO:iMPACT:2257 - Startup Clock has been changed to 'JtagClk' in the bitstream   stored in memory,
   but the original bitstream file remains unchanged.
UserID read from the bitstream file = 0xFFFFFFFF.
----------------------------------------------------------------------
INFO:iMPACT:501 - '1': Added Device xc5vtx240t successfully.
----------------------------------------------------------------------
// *** BATCH CMD : assignFile -p 2 -file"/root/hai/NetFPGA-10G-live-master/projects/production_test/bitfiles/cpld.jed"
'2': Loading file'/root/hai/NetFPGA-10G-live-master/projects/production_test/bitfiles/cpld.jed'...
done.
----------------------------------------------------------------------
INFO:iMPACT:501 - '2': Added Device xc2c256 successfully.
----------------------------------------------------------------------
INFO:iMPACT - Current time: 12/4/13 9:22 AM
// *** BATCH CMD : Program -p 2 -e -v 
Maximum TCK operating frequency for this device chain: 33000000.
Validating chain...
Boundary-scan chain validated successfully.
1: Device Temperature: Current Reading:   40.04 C, Min. Reading:   28.72 C, Max.Reading:   41.02 C
1: VCCINT Supply: Current Reading:   0.999 V, Min. Reading:   0.996 V, Max.Reading:   0.999 V
1: VCCAUX Supply: Current Reading:   2.514 V, Min. Reading:   2.508 V, Max.Reading:   2.514 V
PROGRESS_START - Starting Operation.
'2': Erasing device...
'2': Erasure completed successfully.
'2': Programming device...
done.
'2': Verifying device...
done.
'2': Setting ISC done bits...done
'2': Programming completed successfully.
PROGRESS_END - End Operation.
Elapsed time =      1 sec.
INFO:iMPACT - Current time: 12/4/13 9:23 AM
// *** BATCH CMD : Program -p 1 
Maximum TCK operating frequency for this device chain: 33000000.
Validating chain...
Boundary-scan chain validated successfully.
1: Device Temperature: Current Reading:   40.53 C, Min. Reading:   28.72 C, Max.Reading:   41.02 C
1: VCCINT Supply: Current Reading:   0.999 V, Min. Reading:   0.996 V, Max.Reading:   0.999 V
1: VCCAUX Supply: Current Reading:   2.514 V, Min. Reading:   2.508 V, Max.Reading:   2.514 V
PROGRESS_START - Starting Operation.
'1': Programming device...
 Match_cycle = NoWait.
Match cycle: NoWait
 LCK_cycle = NoWait.
LCK cycle: NoWait
done.
INFO:iMPACT:2219 - Status register values:
INFO:iMPACT - 0011 1111 0111 1110 0000 1000 0100 0000 
INFO:iMPACT:579 - '1': Completed downloading bit file to device.
INFO:iMPACT:188 - '1': Programming completed successfully.
 Match_cycle = NoWait.
Match cycle: NoWait
 LCK_cycle = NoWait.
LCK cycle: NoWait
INFO:iMPACT - '1': Checking done pin....done.
'1': Programmed successfully.
PROGRESS_END - End Operation.
Elapsed time =     18 sec.
